{"/home/ricardo/Documentos/Rocketseat/GoStack/nivel-5/mobile/newGoBarber/src/components/Button/index.tsx": {"path":"/home/ricardo/Documentos/Rocketseat/GoStack/nivel-5/mobile/newGoBarber/src/components/Button/index.tsx","statementMap":{"0":{"start":{"line":10,"column":38},"end":{"line":14,"column":1}},"1":{"start":{"line":11,"column":2},"end":{"line":13,"column":14}}},"fnMap":{"0":{"name":"(anonymous_0)","decl":{"start":{"line":10,"column":38},"end":{"line":10,"column":39}},"loc":{"start":{"line":11,"column":2},"end":{"line":13,"column":14}},"line":11}},"branchMap":{},"s":{"0":1,"1":1},"f":{"0":1},"b":{},"_coverageSchema":"1a1c01bbd47fc00a2c39e90264f33305004495a9","hash":"e5d654954e33327fa469860a12cf71567094c366"}
,"/home/ricardo/Documentos/Rocketseat/GoStack/nivel-5/mobile/newGoBarber/src/components/Input/index.tsx": {"path":"/home/ricardo/Documentos/Rocketseat/GoStack/nivel-5/mobile/newGoBarber/src/components/Input/index.tsx","statementMap":{"0":{"start":{"line":28,"column":66},"end":{"line":89,"column":1}},"1":{"start":{"line":29,"column":26},"end":{"line":29,"column":43}},"2":{"start":{"line":30,"column":65},"end":{"line":30,"column":79}},"3":{"start":{"line":31,"column":24},"end":{"line":31,"column":76}},"4":{"start":{"line":33,"column":36},"end":{"line":33,"column":51}},"5":{"start":{"line":34,"column":34},"end":{"line":34,"column":49}},"6":{"start":{"line":36,"column":2},"end":{"line":50,"column":33}},"7":{"start":{"line":37,"column":4},"end":{"line":49,"column":6}},"8":{"start":{"line":42,"column":8},"end":{"line":42,"column":44}},"9":{"start":{"line":43,"column":8},"end":{"line":43,"column":64}},"10":{"start":{"line":46,"column":8},"end":{"line":46,"column":41}},"11":{"start":{"line":47,"column":8},"end":{"line":47,"column":40}},"12":{"start":{"line":52,"column":27},"end":{"line":54,"column":8}},"13":{"start":{"line":53,"column":4},"end":{"line":53,"column":23}},"14":{"start":{"line":56,"column":26},"end":{"line":61,"column":8}},"15":{"start":{"line":57,"column":4},"end":{"line":57,"column":24}},"16":{"start":{"line":59,"column":4},"end":{"line":59,"column":47}},"17":{"start":{"line":64,"column":2},"end":{"line":68,"column":5}},"18":{"start":{"line":64,"column":34},"end":{"line":68,"column":3}},"19":{"start":{"line":66,"column":6},"end":{"line":66,"column":37}},"20":{"start":{"line":72,"column":2},"end":{"line":88,"column":4}},"21":{"start":{"line":83,"column":10},"end":{"line":83,"column":46}}},"fnMap":{"0":{"name":"(anonymous_0)","decl":{"start":{"line":28,"column":66},"end":{"line":28,"column":67}},"loc":{"start":{"line":28,"column":122},"end":{"line":89,"column":1}},"line":28},"1":{"name":"(anonymous_1)","decl":{"start":{"line":36,"column":12},"end":{"line":36,"column":13}},"loc":{"start":{"line":36,"column":18},"end":{"line":50,"column":3}},"line":36},"2":{"name":"(anonymous_2)","decl":{"start":{"line":41,"column":6},"end":{"line":41,"column":7}},"loc":{"start":{"line":41,"column":32},"end":{"line":44,"column":7}},"line":41},"3":{"name":"(anonymous_3)","decl":{"start":{"line":45,"column":6},"end":{"line":45,"column":7}},"loc":{"start":{"line":45,"column":19},"end":{"line":48,"column":7}},"line":45},"4":{"name":"(anonymous_4)","decl":{"start":{"line":52,"column":39},"end":{"line":52,"column":40}},"loc":{"start":{"line":52,"column":45},"end":{"line":54,"column":3}},"line":52},"5":{"name":"(anonymous_5)","decl":{"start":{"line":56,"column":38},"end":{"line":56,"column":39}},"loc":{"start":{"line":56,"column":44},"end":{"line":61,"column":3}},"line":56},"6":{"name":"(anonymous_6)","decl":{"start":{"line":64,"column":27},"end":{"line":64,"column":28}},"loc":{"start":{"line":64,"column":34},"end":{"line":68,"column":3}},"line":64},"7":{"name":"(anonymous_7)","decl":{"start":{"line":65,"column":4},"end":{"line":65,"column":5}},"loc":{"start":{"line":65,"column":12},"end":{"line":67,"column":5}},"line":65},"8":{"name":"(anonymous_8)","decl":{"start":{"line":82,"column":22},"end":{"line":82,"column":23}},"loc":{"start":{"line":82,"column":33},"end":{"line":84,"column":9}},"line":82}},"branchMap":{"0":{"loc":{"start":{"line":28,"column":81},"end":{"line":28,"column":101}},"type":"default-arg","locations":[{"start":{"line":28,"column":99},"end":{"line":28,"column":101}}],"line":28},"1":{"loc":{"start":{"line":30,"column":21},"end":{"line":30,"column":38}},"type":"default-arg","locations":[{"start":{"line":30,"column":36},"end":{"line":30,"column":38}}],"line":30},"2":{"loc":{"start":{"line":74,"column":41},"end":{"line":74,"column":86}},"type":"cond-expr","locations":[{"start":{"line":74,"column":65},"end":{"line":74,"column":74}},{"start":{"line":74,"column":77},"end":{"line":74,"column":86}}],"line":74},"3":{"loc":{"start":{"line":74,"column":41},"end":{"line":74,"column":62}},"type":"binary-expr","locations":[{"start":{"line":74,"column":41},"end":{"line":74,"column":50}},{"start":{"line":74,"column":54},"end":{"line":74,"column":62}}],"line":74}},"s":{"0":1,"1":2,"2":2,"3":2,"4":2,"5":2,"6":2,"7":2,"8":0,"9":0,"10":0,"11":0,"12":2,"13":0,"14":2,"15":0,"16":0,"17":2,"18":1,"19":0,"20":2,"21":0},"f":{"0":2,"1":2,"2":0,"3":0,"4":0,"5":0,"6":1,"7":0,"8":0},"b":{"0":[2],"1":[2],"2":[0,2],"3":[2,2]},"_coverageSchema":"1a1c01bbd47fc00a2c39e90264f33305004495a9","hash":"55b7d45374116516459fb259e1a6e2d8c4bc444f"}
,"/home/ricardo/Documentos/Rocketseat/GoStack/nivel-5/mobile/newGoBarber/src/hooks/auth.tsx": {"path":"/home/ricardo/Documentos/Rocketseat/GoStack/nivel-5/mobile/newGoBarber/src/hooks/auth.tsx","statementMap":{"0":{"start":{"line":31,"column":20},"end":{"line":31,"column":73}},"1":{"start":{"line":33,"column":38},"end":{"line":91,"column":1}},"2":{"start":{"line":34,"column":26},"end":{"line":34,"column":62}},"3":{"start":{"line":35,"column":32},"end":{"line":35,"column":46}},"4":{"start":{"line":37,"column":2},"end":{"line":51,"column":8}},"5":{"start":{"line":39,"column":28},"end":{"line":39,"column":94}},"6":{"start":{"line":40,"column":6},"end":{"line":40,"column":28}},"7":{"start":{"line":41,"column":6},"end":{"line":45,"column":7}},"8":{"start":{"line":42,"column":8},"end":{"line":42,"column":66}},"9":{"start":{"line":44,"column":8},"end":{"line":44,"column":63}},"10":{"start":{"line":47,"column":6},"end":{"line":47,"column":24}},"11":{"start":{"line":50,"column":4},"end":{"line":50,"column":22}},"12":{"start":{"line":53,"column":17},"end":{"line":69,"column":8}},"13":{"start":{"line":54,"column":21},"end":{"line":57,"column":6}},"14":{"start":{"line":59,"column":28},"end":{"line":59,"column":41}},"15":{"start":{"line":61,"column":4},"end":{"line":64,"column":6}},"16":{"start":{"line":66,"column":4},"end":{"line":66,"column":62}},"17":{"start":{"line":68,"column":4},"end":{"line":68,"column":29}},"18":{"start":{"line":71,"column":18},"end":{"line":75,"column":8}},"19":{"start":{"line":72,"column":4},"end":{"line":72,"column":74}},"20":{"start":{"line":74,"column":4},"end":{"line":74,"column":29}},"21":{"start":{"line":77,"column":21},"end":{"line":84,"column":27}},"22":{"start":{"line":78,"column":4},"end":{"line":78,"column":71}},"23":{"start":{"line":80,"column":4},"end":{"line":83,"column":6}},"24":{"start":{"line":86,"column":2},"end":{"line":90,"column":4}},"25":{"start":{"line":94,"column":18},"end":{"line":94,"column":41}},"26":{"start":{"line":96,"column":2},"end":{"line":98,"column":3}},"27":{"start":{"line":97,"column":4},"end":{"line":97,"column":66}},"28":{"start":{"line":100,"column":2},"end":{"line":100,"column":17}}},"fnMap":{"0":{"name":"(anonymous_0)","decl":{"start":{"line":33,"column":38},"end":{"line":33,"column":39}},"loc":{"start":{"line":33,"column":56},"end":{"line":91,"column":1}},"line":33},"1":{"name":"(anonymous_1)","decl":{"start":{"line":37,"column":12},"end":{"line":37,"column":13}},"loc":{"start":{"line":37,"column":18},"end":{"line":51,"column":3}},"line":37},"2":{"name":"loadStorageData","decl":{"start":{"line":38,"column":19},"end":{"line":38,"column":34}},"loc":{"start":{"line":38,"column":52},"end":{"line":48,"column":5}},"line":38},"3":{"name":"(anonymous_3)","decl":{"start":{"line":53,"column":29},"end":{"line":53,"column":30}},"loc":{"start":{"line":53,"column":60},"end":{"line":69,"column":3}},"line":53},"4":{"name":"(anonymous_4)","decl":{"start":{"line":71,"column":30},"end":{"line":71,"column":31}},"loc":{"start":{"line":71,"column":42},"end":{"line":75,"column":3}},"line":71},"5":{"name":"(anonymous_5)","decl":{"start":{"line":77,"column":33},"end":{"line":77,"column":34}},"loc":{"start":{"line":77,"column":55},"end":{"line":84,"column":3}},"line":77},"6":{"name":"useAuth","decl":{"start":{"line":93,"column":16},"end":{"line":93,"column":23}},"loc":{"start":{"line":93,"column":43},"end":{"line":101,"column":1}},"line":93}},"branchMap":{"0":{"loc":{"start":{"line":41,"column":6},"end":{"line":45,"column":7}},"type":"if","locations":[{"start":{"line":41,"column":6},"end":{"line":45,"column":7}},{"start":{"line":41,"column":6},"end":{"line":45,"column":7}}],"line":41},"1":{"loc":{"start":{"line":41,"column":10},"end":{"line":41,"column":29}},"type":"binary-expr","locations":[{"start":{"line":41,"column":10},"end":{"line":41,"column":18}},{"start":{"line":41,"column":22},"end":{"line":41,"column":29}}],"line":41},"2":{"loc":{"start":{"line":96,"column":2},"end":{"line":98,"column":3}},"type":"if","locations":[{"start":{"line":96,"column":2},"end":{"line":98,"column":3}},{"start":{"line":96,"column":2},"end":{"line":98,"column":3}}],"line":96}},"s":{"0":1,"1":1,"2":0,"3":0,"4":0,"5":0,"6":0,"7":0,"8":0,"9":0,"10":0,"11":0,"12":0,"13":0,"14":0,"15":0,"16":0,"17":0,"18":0,"19":0,"20":0,"21":0,"22":0,"23":0,"24":0,"25":1,"26":1,"27":0,"28":1},"f":{"0":0,"1":0,"2":0,"3":0,"4":0,"5":0,"6":1},"b":{"0":[0,0],"1":[0,0],"2":[0,1]},"_coverageSchema":"1a1c01bbd47fc00a2c39e90264f33305004495a9","hash":"edaae17b2da73b7a547dc9c877e1b669cdb198e2"}
,"/home/ricardo/Documentos/Rocketseat/GoStack/nivel-5/mobile/newGoBarber/src/pages/AppointmentCreated/index.tsx": {"path":"/home/ricardo/Documentos/Rocketseat/GoStack/nivel-5/mobile/newGoBarber/src/pages/AppointmentCreated/index.tsx","statementMap":{"0":{"start":{"line":19,"column":37},"end":{"line":57,"column":1}},"1":{"start":{"line":20,"column":21},"end":{"line":20,"column":36}},"2":{"start":{"line":21,"column":21},"end":{"line":21,"column":31}},"3":{"start":{"line":23,"column":22},"end":{"line":23,"column":43}},"4":{"start":{"line":25,"column":24},"end":{"line":33,"column":24}},"5":{"start":{"line":26,"column":4},"end":{"line":32,"column":5}},"6":{"start":{"line":35,"column":26},"end":{"line":44,"column":18}},"7":{"start":{"line":36,"column":4},"end":{"line":43,"column":6}},"8":{"start":{"line":46,"column":2},"end":{"line":56,"column":3}}},"fnMap":{"0":{"name":"(anonymous_0)","decl":{"start":{"line":19,"column":37},"end":{"line":19,"column":38}},"loc":{"start":{"line":19,"column":43},"end":{"line":57,"column":1}},"line":19},"1":{"name":"(anonymous_1)","decl":{"start":{"line":25,"column":32},"end":{"line":25,"column":33}},"loc":{"start":{"line":25,"column":38},"end":{"line":33,"column":3}},"line":25},"2":{"name":"(anonymous_2)","decl":{"start":{"line":35,"column":38},"end":{"line":35,"column":39}},"loc":{"start":{"line":35,"column":44},"end":{"line":44,"column":3}},"line":35}},"branchMap":{},"s":{"0":0,"1":0,"2":0,"3":0,"4":0,"5":0,"6":0,"7":0,"8":0},"f":{"0":0,"1":0,"2":0},"b":{}}
,"/home/ricardo/Documentos/Rocketseat/GoStack/nivel-5/mobile/newGoBarber/src/pages/CreateAppointment/index.tsx": {"path":"/home/ricardo/Documentos/Rocketseat/GoStack/nivel-5/mobile/newGoBarber/src/pages/CreateAppointment/index.tsx","statementMap":{"0":{"start":{"line":52,"column":36},"end":{"line":259,"column":1}},"1":{"start":{"line":53,"column":19},"end":{"line":53,"column":28}},"2":{"start":{"line":54,"column":16},"end":{"line":54,"column":26}},"3":{"start":{"line":55,"column":21},"end":{"line":55,"column":36}},"4":{"start":{"line":57,"column":25},"end":{"line":57,"column":52}},"5":{"start":{"line":59,"column":36},"end":{"line":59,"column":60}},"6":{"start":{"line":60,"column":50},"end":{"line":60,"column":70}},"7":{"start":{"line":61,"column":46},"end":{"line":61,"column":61}},"8":{"start":{"line":62,"column":42},"end":{"line":62,"column":62}},"9":{"start":{"line":63,"column":42},"end":{"line":63,"column":53}},"10":{"start":{"line":64,"column":42},"end":{"line":64,"column":74}},"11":{"start":{"line":66,"column":2},"end":{"line":72,"column":9}},"12":{"start":{"line":67,"column":4},"end":{"line":71,"column":9}},"13":{"start":{"line":68,"column":23},"end":{"line":68,"column":50}},"14":{"start":{"line":70,"column":6},"end":{"line":70,"column":34}},"15":{"start":{"line":74,"column":2},"end":{"line":84,"column":39}},"16":{"start":{"line":75,"column":4},"end":{"line":83,"column":6}},"17":{"start":{"line":82,"column":6},"end":{"line":82,"column":37}},"18":{"start":{"line":86,"column":23},"end":{"line":88,"column":8}},"19":{"start":{"line":87,"column":4},"end":{"line":87,"column":24}},"20":{"start":{"line":90,"column":31},"end":{"line":92,"column":8}},"21":{"start":{"line":91,"column":4},"end":{"line":91,"column":37}},"22":{"start":{"line":94,"column":33},"end":{"line":96,"column":8}},"23":{"start":{"line":95,"column":4},"end":{"line":95,"column":39}},"24":{"start":{"line":95,"column":31},"end":{"line":95,"column":37}},"25":{"start":{"line":98,"column":28},"end":{"line":107,"column":8}},"26":{"start":{"line":99,"column":4},"end":{"line":101,"column":5}},"27":{"start":{"line":100,"column":6},"end":{"line":100,"column":31}},"28":{"start":{"line":103,"column":4},"end":{"line":105,"column":5}},"29":{"start":{"line":104,"column":6},"end":{"line":104,"column":28}},"30":{"start":{"line":109,"column":30},"end":{"line":117,"column":20}},"31":{"start":{"line":110,"column":4},"end":{"line":116,"column":9}},"32":{"start":{"line":111,"column":28},"end":{"line":111,"column":37}},"33":{"start":{"line":112,"column":37},"end":{"line":116,"column":7}},"34":{"start":{"line":119,"column":32},"end":{"line":127,"column":20}},"35":{"start":{"line":120,"column":4},"end":{"line":126,"column":9}},"36":{"start":{"line":121,"column":28},"end":{"line":121,"column":38}},"37":{"start":{"line":122,"column":37},"end":{"line":126,"column":7}},"38":{"start":{"line":129,"column":27},"end":{"line":131,"column":8}},"39":{"start":{"line":130,"column":4},"end":{"line":130,"column":26}},"40":{"start":{"line":133,"column":34},"end":{"line":153,"column":64}},"41":{"start":{"line":134,"column":4},"end":{"line":151,"column":5}},"42":{"start":{"line":135,"column":19},"end":{"line":135,"column":41}},"43":{"start":{"line":137,"column":6},"end":{"line":137,"column":34}},"44":{"start":{"line":138,"column":6},"end":{"line":138,"column":25}},"45":{"start":{"line":140,"column":6},"end":{"line":143,"column":9}},"46":{"start":{"line":145,"column":6},"end":{"line":145,"column":73}},"47":{"start":{"line":147,"column":6},"end":{"line":150,"column":7}},"48":{"start":{"line":155,"column":2},"end":{"line":258,"column":3}},"49":{"start":{"line":173,"column":38},"end":{"line":173,"column":49}},"50":{"start":{"line":175,"column":14},"end":{"line":185,"column":34}},"51":{"start":{"line":177,"column":31},"end":{"line":177,"column":64}},"52":{"start":{"line":215,"column":16},"end":{"line":225,"column":23}},"53":{"start":{"line":221,"column":20},"end":{"line":221,"column":43}},"54":{"start":{"line":235,"column":16},"end":{"line":245,"column":23}},"55":{"start":{"line":241,"column":20},"end":{"line":241,"column":43}}},"fnMap":{"0":{"name":"(anonymous_0)","decl":{"start":{"line":52,"column":36},"end":{"line":52,"column":37}},"loc":{"start":{"line":52,"column":42},"end":{"line":259,"column":1}},"line":52},"1":{"name":"(anonymous_1)","decl":{"start":{"line":66,"column":12},"end":{"line":66,"column":13}},"loc":{"start":{"line":66,"column":18},"end":{"line":72,"column":3}},"line":66},"2":{"name":"(anonymous_2)","decl":{"start":{"line":67,"column":5},"end":{"line":67,"column":6}},"loc":{"start":{"line":67,"column":17},"end":{"line":71,"column":5}},"line":67},"3":{"name":"(anonymous_3)","decl":{"start":{"line":74,"column":12},"end":{"line":74,"column":13}},"loc":{"start":{"line":74,"column":18},"end":{"line":84,"column":3}},"line":74},"4":{"name":"(anonymous_4)","decl":{"start":{"line":81,"column":12},"end":{"line":81,"column":13}},"loc":{"start":{"line":81,"column":24},"end":{"line":83,"column":5}},"line":81},"5":{"name":"(anonymous_5)","decl":{"start":{"line":86,"column":35},"end":{"line":86,"column":36}},"loc":{"start":{"line":86,"column":41},"end":{"line":88,"column":3}},"line":86},"6":{"name":"(anonymous_6)","decl":{"start":{"line":90,"column":43},"end":{"line":90,"column":44}},"loc":{"start":{"line":90,"column":68},"end":{"line":92,"column":3}},"line":90},"7":{"name":"(anonymous_7)","decl":{"start":{"line":94,"column":45},"end":{"line":94,"column":46}},"loc":{"start":{"line":94,"column":51},"end":{"line":96,"column":3}},"line":94},"8":{"name":"(anonymous_8)","decl":{"start":{"line":95,"column":22},"end":{"line":95,"column":23}},"loc":{"start":{"line":95,"column":31},"end":{"line":95,"column":37}},"line":95},"9":{"name":"(anonymous_9)","decl":{"start":{"line":98,"column":40},"end":{"line":98,"column":41}},"loc":{"start":{"line":98,"column":69},"end":{"line":107,"column":3}},"line":98},"10":{"name":"(anonymous_10)","decl":{"start":{"line":109,"column":38},"end":{"line":109,"column":39}},"loc":{"start":{"line":109,"column":44},"end":{"line":117,"column":3}},"line":109},"11":{"name":"(anonymous_11)","decl":{"start":{"line":111,"column":14},"end":{"line":111,"column":15}},"loc":{"start":{"line":111,"column":28},"end":{"line":111,"column":37}},"line":111},"12":{"name":"(anonymous_12)","decl":{"start":{"line":112,"column":11},"end":{"line":112,"column":12}},"loc":{"start":{"line":112,"column":37},"end":{"line":116,"column":7}},"line":112},"13":{"name":"(anonymous_13)","decl":{"start":{"line":119,"column":40},"end":{"line":119,"column":41}},"loc":{"start":{"line":119,"column":46},"end":{"line":127,"column":3}},"line":119},"14":{"name":"(anonymous_14)","decl":{"start":{"line":121,"column":14},"end":{"line":121,"column":15}},"loc":{"start":{"line":121,"column":28},"end":{"line":121,"column":38}},"line":121},"15":{"name":"(anonymous_15)","decl":{"start":{"line":122,"column":11},"end":{"line":122,"column":12}},"loc":{"start":{"line":122,"column":37},"end":{"line":126,"column":7}},"line":122},"16":{"name":"(anonymous_16)","decl":{"start":{"line":129,"column":39},"end":{"line":129,"column":40}},"loc":{"start":{"line":129,"column":57},"end":{"line":131,"column":3}},"line":129},"17":{"name":"(anonymous_17)","decl":{"start":{"line":133,"column":46},"end":{"line":133,"column":47}},"loc":{"start":{"line":133,"column":58},"end":{"line":153,"column":3}},"line":133},"18":{"name":"(anonymous_18)","decl":{"start":{"line":173,"column":26},"end":{"line":173,"column":27}},"loc":{"start":{"line":173,"column":38},"end":{"line":173,"column":49}},"line":173},"19":{"name":"(anonymous_19)","decl":{"start":{"line":174,"column":24},"end":{"line":174,"column":25}},"loc":{"start":{"line":175,"column":14},"end":{"line":185,"column":34}},"line":175},"20":{"name":"(anonymous_20)","decl":{"start":{"line":177,"column":25},"end":{"line":177,"column":26}},"loc":{"start":{"line":177,"column":31},"end":{"line":177,"column":64}},"line":177},"21":{"name":"(anonymous_21)","decl":{"start":{"line":214,"column":39},"end":{"line":214,"column":40}},"loc":{"start":{"line":215,"column":16},"end":{"line":225,"column":23}},"line":215},"22":{"name":"(anonymous_22)","decl":{"start":{"line":220,"column":27},"end":{"line":220,"column":28}},"loc":{"start":{"line":220,"column":33},"end":{"line":222,"column":19}},"line":220},"23":{"name":"(anonymous_23)","decl":{"start":{"line":234,"column":41},"end":{"line":234,"column":42}},"loc":{"start":{"line":235,"column":16},"end":{"line":245,"column":23}},"line":235},"24":{"name":"(anonymous_24)","decl":{"start":{"line":240,"column":27},"end":{"line":240,"column":28}},"loc":{"start":{"line":240,"column":33},"end":{"line":242,"column":19}},"line":240}},"branchMap":{"0":{"loc":{"start":{"line":99,"column":4},"end":{"line":101,"column":5}},"type":"if","locations":[{"start":{"line":99,"column":4},"end":{"line":101,"column":5}},{"start":{"line":99,"column":4},"end":{"line":101,"column":5}}],"line":99},"1":{"loc":{"start":{"line":103,"column":4},"end":{"line":105,"column":5}},"type":"if","locations":[{"start":{"line":103,"column":4},"end":{"line":105,"column":5}},{"start":{"line":103,"column":4},"end":{"line":105,"column":5}}],"line":103},"2":{"loc":{"start":{"line":198,"column":12},"end":{"line":205,"column":14}},"type":"binary-expr","locations":[{"start":{"line":198,"column":12},"end":{"line":198,"column":26}},{"start":{"line":199,"column":12},"end":{"line":205,"column":14}}],"line":198}},"s":{"0":0,"1":0,"2":0,"3":0,"4":0,"5":0,"6":0,"7":0,"8":0,"9":0,"10":0,"11":0,"12":0,"13":0,"14":0,"15":0,"16":0,"17":0,"18":0,"19":0,"20":0,"21":0,"22":0,"23":0,"24":0,"25":0,"26":0,"27":0,"28":0,"29":0,"30":0,"31":0,"32":0,"33":0,"34":0,"35":0,"36":0,"37":0,"38":0,"39":0,"40":0,"41":0,"42":0,"43":0,"44":0,"45":0,"46":0,"47":0,"48":0,"49":0,"50":0,"51":0,"52":0,"53":0,"54":0,"55":0},"f":{"0":0,"1":0,"2":0,"3":0,"4":0,"5":0,"6":0,"7":0,"8":0,"9":0,"10":0,"11":0,"12":0,"13":0,"14":0,"15":0,"16":0,"17":0,"18":0,"19":0,"20":0,"21":0,"22":0,"23":0,"24":0},"b":{"0":[0,0],"1":[0,0],"2":[0,0]}}
,"/home/ricardo/Documentos/Rocketseat/GoStack/nivel-5/mobile/newGoBarber/src/pages/Dashboard/index.tsx": {"path":"/home/ricardo/Documentos/Rocketseat/GoStack/nivel-5/mobile/newGoBarber/src/pages/Dashboard/index.tsx","statementMap":{"0":{"start":{"line":29,"column":28},"end":{"line":93,"column":1}},"1":{"start":{"line":30,"column":36},"end":{"line":30,"column":60}},"2":{"start":{"line":31,"column":28},"end":{"line":31,"column":37}},"3":{"start":{"line":32,"column":21},"end":{"line":32,"column":36}},"4":{"start":{"line":34,"column":2},"end":{"line":40,"column":9}},"5":{"start":{"line":35,"column":4},"end":{"line":39,"column":9}},"6":{"start":{"line":36,"column":23},"end":{"line":36,"column":50}},"7":{"start":{"line":38,"column":6},"end":{"line":38,"column":34}},"8":{"start":{"line":42,"column":38},"end":{"line":46,"column":18}},"9":{"start":{"line":43,"column":4},"end":{"line":45,"column":6}},"10":{"start":{"line":48,"column":28},"end":{"line":50,"column":18}},"11":{"start":{"line":49,"column":4},"end":{"line":49,"column":35}},"12":{"start":{"line":52,"column":2},"end":{"line":92,"column":3}},"13":{"start":{"line":67,"column":34},"end":{"line":67,"column":45}},"14":{"start":{"line":72,"column":10},"end":{"line":88,"column":30}},"15":{"start":{"line":72,"column":46},"end":{"line":72,"column":86}}},"fnMap":{"0":{"name":"(anonymous_0)","decl":{"start":{"line":29,"column":28},"end":{"line":29,"column":29}},"loc":{"start":{"line":29,"column":34},"end":{"line":93,"column":1}},"line":29},"1":{"name":"(anonymous_1)","decl":{"start":{"line":34,"column":12},"end":{"line":34,"column":13}},"loc":{"start":{"line":34,"column":18},"end":{"line":40,"column":3}},"line":34},"2":{"name":"(anonymous_2)","decl":{"start":{"line":35,"column":5},"end":{"line":35,"column":6}},"loc":{"start":{"line":35,"column":17},"end":{"line":39,"column":5}},"line":35},"3":{"name":"(anonymous_3)","decl":{"start":{"line":42,"column":50},"end":{"line":42,"column":51}},"loc":{"start":{"line":42,"column":74},"end":{"line":46,"column":3}},"line":42},"4":{"name":"(anonymous_4)","decl":{"start":{"line":48,"column":40},"end":{"line":48,"column":41}},"loc":{"start":{"line":48,"column":46},"end":{"line":50,"column":3}},"line":48},"5":{"name":"(anonymous_5)","decl":{"start":{"line":67,"column":22},"end":{"line":67,"column":23}},"loc":{"start":{"line":67,"column":34},"end":{"line":67,"column":45}},"line":67},"6":{"name":"(anonymous_6)","decl":{"start":{"line":71,"column":20},"end":{"line":71,"column":21}},"loc":{"start":{"line":72,"column":10},"end":{"line":88,"column":30}},"line":72},"7":{"name":"(anonymous_7)","decl":{"start":{"line":72,"column":38},"end":{"line":72,"column":39}},"loc":{"start":{"line":72,"column":44},"end":{"line":72,"column":88}},"line":72}},"branchMap":{},"s":{"0":0,"1":0,"2":0,"3":0,"4":0,"5":0,"6":0,"7":0,"8":0,"9":0,"10":0,"11":0,"12":0,"13":0,"14":0,"15":0},"f":{"0":0,"1":0,"2":0,"3":0,"4":0,"5":0,"6":0,"7":0},"b":{}}
,"/home/ricardo/Documentos/Rocketseat/GoStack/nivel-5/mobile/newGoBarber/src/pages/Profile/index.tsx": {"path":"/home/ricardo/Documentos/Rocketseat/GoStack/nivel-5/mobile/newGoBarber/src/pages/Profile/index.tsx","statementMap":{"0":{"start":{"line":41,"column":26},"end":{"line":266,"column":1}},"1":{"start":{"line":42,"column":18},"end":{"line":42,"column":43}},"2":{"start":{"line":44,"column":24},"end":{"line":44,"column":47}},"3":{"start":{"line":46,"column":27},"end":{"line":46,"column":50}},"4":{"start":{"line":47,"column":30},"end":{"line":47,"column":53}},"5":{"start":{"line":48,"column":34},"end":{"line":48,"column":57}},"6":{"start":{"line":50,"column":21},"end":{"line":50,"column":36}},"7":{"start":{"line":52,"column":31},"end":{"line":52,"column":40}},"8":{"start":{"line":54,"column":27},"end":{"line":131,"column":3}},"9":{"start":{"line":56,"column":6},"end":{"line":128,"column":7}},"10":{"start":{"line":57,"column":8},"end":{"line":57,"column":39}},"11":{"start":{"line":59,"column":23},"end":{"line":79,"column":10}},"12":{"start":{"line":67,"column":25},"end":{"line":67,"column":37}},"13":{"start":{"line":74,"column":27},"end":{"line":74,"column":39}},"14":{"start":{"line":81,"column":8},"end":{"line":83,"column":11}},"15":{"start":{"line":91,"column":12},"end":{"line":91,"column":16}},"16":{"start":{"line":93,"column":25},"end":{"line":103,"column":9}},"17":{"start":{"line":104,"column":25},"end":{"line":104,"column":59}},"18":{"start":{"line":106,"column":8},"end":{"line":108,"column":10}},"19":{"start":{"line":110,"column":8},"end":{"line":110,"column":34}},"20":{"start":{"line":111,"column":8},"end":{"line":111,"column":28}},"21":{"start":{"line":114,"column":8},"end":{"line":120,"column":9}},"22":{"start":{"line":115,"column":25},"end":{"line":115,"column":49}},"23":{"start":{"line":117,"column":10},"end":{"line":117,"column":45}},"24":{"start":{"line":119,"column":10},"end":{"line":119,"column":17}},"25":{"start":{"line":122,"column":8},"end":{"line":125,"column":10}},"26":{"start":{"line":127,"column":8},"end":{"line":127,"column":28}},"27":{"start":{"line":133,"column":23},"end":{"line":135,"column":8}},"28":{"start":{"line":134,"column":4},"end":{"line":134,"column":24}},"29":{"start":{"line":137,"column":29},"end":{"line":166,"column":27}},"30":{"start":{"line":138,"column":4},"end":{"line":165,"column":7}},"31":{"start":{"line":144,"column":6},"end":{"line":146,"column":7}},"32":{"start":{"line":145,"column":8},"end":{"line":145,"column":15}},"33":{"start":{"line":147,"column":6},"end":{"line":151,"column":7}},"34":{"start":{"line":148,"column":8},"end":{"line":148,"column":52}},"35":{"start":{"line":149,"column":8},"end":{"line":149,"column":36}},"36":{"start":{"line":150,"column":8},"end":{"line":150,"column":15}},"37":{"start":{"line":153,"column":19},"end":{"line":153,"column":33}},"38":{"start":{"line":155,"column":6},"end":{"line":159,"column":9}},"39":{"start":{"line":161,"column":6},"end":{"line":163,"column":9}},"40":{"start":{"line":162,"column":8},"end":{"line":162,"column":34}},"41":{"start":{"line":168,"column":2},"end":{"line":265,"column":3}},"42":{"start":{"line":199,"column":18},"end":{"line":199,"column":48}},"43":{"start":{"line":212,"column":18},"end":{"line":212,"column":51}},"44":{"start":{"line":227,"column":18},"end":{"line":227,"column":51}},"45":{"start":{"line":240,"column":18},"end":{"line":240,"column":58}},"46":{"start":{"line":253,"column":18},"end":{"line":253,"column":47}},"47":{"start":{"line":258,"column":16},"end":{"line":258,"column":45}}},"fnMap":{"0":{"name":"(anonymous_0)","decl":{"start":{"line":41,"column":26},"end":{"line":41,"column":27}},"loc":{"start":{"line":41,"column":32},"end":{"line":266,"column":1}},"line":41},"1":{"name":"(anonymous_1)","decl":{"start":{"line":55,"column":4},"end":{"line":55,"column":5}},"loc":{"start":{"line":55,"column":36},"end":{"line":129,"column":5}},"line":55},"2":{"name":"(anonymous_2)","decl":{"start":{"line":67,"column":16},"end":{"line":67,"column":17}},"loc":{"start":{"line":67,"column":25},"end":{"line":67,"column":37}},"line":67},"3":{"name":"(anonymous_3)","decl":{"start":{"line":74,"column":18},"end":{"line":74,"column":19}},"loc":{"start":{"line":74,"column":27},"end":{"line":74,"column":39}},"line":74},"4":{"name":"(anonymous_4)","decl":{"start":{"line":133,"column":35},"end":{"line":133,"column":36}},"loc":{"start":{"line":133,"column":41},"end":{"line":135,"column":3}},"line":133},"5":{"name":"(anonymous_5)","decl":{"start":{"line":137,"column":41},"end":{"line":137,"column":42}},"loc":{"start":{"line":137,"column":47},"end":{"line":166,"column":3}},"line":137},"6":{"name":"(anonymous_6)","decl":{"start":{"line":143,"column":7},"end":{"line":143,"column":8}},"loc":{"start":{"line":143,"column":19},"end":{"line":165,"column":5}},"line":143},"7":{"name":"(anonymous_7)","decl":{"start":{"line":161,"column":44},"end":{"line":161,"column":45}},"loc":{"start":{"line":161,"column":56},"end":{"line":163,"column":7}},"line":161},"8":{"name":"(anonymous_8)","decl":{"start":{"line":198,"column":33},"end":{"line":198,"column":34}},"loc":{"start":{"line":198,"column":39},"end":{"line":200,"column":17}},"line":198},"9":{"name":"(anonymous_9)","decl":{"start":{"line":211,"column":33},"end":{"line":211,"column":34}},"loc":{"start":{"line":211,"column":39},"end":{"line":213,"column":17}},"line":211},"10":{"name":"(anonymous_10)","decl":{"start":{"line":226,"column":33},"end":{"line":226,"column":34}},"loc":{"start":{"line":226,"column":39},"end":{"line":228,"column":17}},"line":226},"11":{"name":"(anonymous_11)","decl":{"start":{"line":239,"column":33},"end":{"line":239,"column":34}},"loc":{"start":{"line":239,"column":39},"end":{"line":241,"column":17}},"line":239},"12":{"name":"(anonymous_12)","decl":{"start":{"line":252,"column":33},"end":{"line":252,"column":34}},"loc":{"start":{"line":252,"column":39},"end":{"line":254,"column":17}},"line":252},"13":{"name":"(anonymous_13)","decl":{"start":{"line":257,"column":31},"end":{"line":257,"column":32}},"loc":{"start":{"line":257,"column":37},"end":{"line":259,"column":15}},"line":257}},"branchMap":{"0":{"loc":{"start":{"line":96,"column":14},"end":{"line":102,"column":16}},"type":"cond-expr","locations":[{"start":{"line":97,"column":14},"end":{"line":101,"column":13}},{"start":{"line":102,"column":14},"end":{"line":102,"column":16}}],"line":96},"1":{"loc":{"start":{"line":114,"column":8},"end":{"line":120,"column":9}},"type":"if","locations":[{"start":{"line":114,"column":8},"end":{"line":120,"column":9}},{"start":{"line":114,"column":8},"end":{"line":120,"column":9}}],"line":114},"2":{"loc":{"start":{"line":144,"column":6},"end":{"line":146,"column":7}},"type":"if","locations":[{"start":{"line":144,"column":6},"end":{"line":146,"column":7}},{"start":{"line":144,"column":6},"end":{"line":146,"column":7}}],"line":144},"3":{"loc":{"start":{"line":147,"column":6},"end":{"line":151,"column":7}},"type":"if","locations":[{"start":{"line":147,"column":6},"end":{"line":151,"column":7}},{"start":{"line":147,"column":6},"end":{"line":151,"column":7}}],"line":147},"4":{"loc":{"start":{"line":172,"column":18},"end":{"line":172,"column":63}},"type":"cond-expr","locations":[{"start":{"line":172,"column":42},"end":{"line":172,"column":51}},{"start":{"line":172,"column":54},"end":{"line":172,"column":63}}],"line":172}},"s":{"0":0,"1":0,"2":0,"3":0,"4":0,"5":0,"6":0,"7":0,"8":0,"9":0,"10":0,"11":0,"12":0,"13":0,"14":0,"15":0,"16":0,"17":0,"18":0,"19":0,"20":0,"21":0,"22":0,"23":0,"24":0,"25":0,"26":0,"27":0,"28":0,"29":0,"30":0,"31":0,"32":0,"33":0,"34":0,"35":0,"36":0,"37":0,"38":0,"39":0,"40":0,"41":0,"42":0,"43":0,"44":0,"45":0,"46":0,"47":0},"f":{"0":0,"1":0,"2":0,"3":0,"4":0,"5":0,"6":0,"7":0,"8":0,"9":0,"10":0,"11":0,"12":0,"13":0},"b":{"0":[0,0],"1":[0,0],"2":[0,0],"3":[0,0],"4":[0,0]}}
,"/home/ricardo/Documentos/Rocketseat/GoStack/nivel-5/mobile/newGoBarber/src/pages/SignIn/index.tsx": {"path":"/home/ricardo/Documentos/Rocketseat/GoStack/nivel-5/mobile/newGoBarber/src/pages/SignIn/index.tsx","statementMap":{"0":{"start":{"line":40,"column":25},"end":{"line":151,"column":1}},"1":{"start":{"line":41,"column":18},"end":{"line":41,"column":43}},"2":{"start":{"line":42,"column":27},"end":{"line":42,"column":50}},"3":{"start":{"line":44,"column":21},"end":{"line":44,"column":36}},"4":{"start":{"line":46,"column":21},"end":{"line":46,"column":30}},"5":{"start":{"line":48,"column":23},"end":{"line":88,"column":3}},"6":{"start":{"line":50,"column":6},"end":{"line":85,"column":7}},"7":{"start":{"line":51,"column":8},"end":{"line":51,"column":39}},"8":{"start":{"line":53,"column":23},"end":{"line":59,"column":10}},"9":{"start":{"line":61,"column":8},"end":{"line":63,"column":11}},"10":{"start":{"line":65,"column":8},"end":{"line":68,"column":11}},"11":{"start":{"line":71,"column":8},"end":{"line":77,"column":9}},"12":{"start":{"line":72,"column":25},"end":{"line":72,"column":49}},"13":{"start":{"line":74,"column":10},"end":{"line":74,"column":45}},"14":{"start":{"line":76,"column":10},"end":{"line":76,"column":17}},"15":{"start":{"line":79,"column":8},"end":{"line":79,"column":25}},"16":{"start":{"line":81,"column":8},"end":{"line":84,"column":10}},"17":{"start":{"line":89,"column":2},"end":{"line":150,"column":3}},"18":{"start":{"line":117,"column":18},"end":{"line":117,"column":52}},"19":{"start":{"line":128,"column":18},"end":{"line":128,"column":48}},"20":{"start":{"line":133,"column":16},"end":{"line":133,"column":46}},"21":{"start":{"line":145,"column":42},"end":{"line":145,"column":71}}},"fnMap":{"0":{"name":"(anonymous_0)","decl":{"start":{"line":40,"column":25},"end":{"line":40,"column":26}},"loc":{"start":{"line":40,"column":31},"end":{"line":151,"column":1}},"line":40},"1":{"name":"(anonymous_1)","decl":{"start":{"line":49,"column":4},"end":{"line":49,"column":5}},"loc":{"start":{"line":49,"column":36},"end":{"line":86,"column":5}},"line":49},"2":{"name":"(anonymous_2)","decl":{"start":{"line":116,"column":33},"end":{"line":116,"column":34}},"loc":{"start":{"line":116,"column":39},"end":{"line":118,"column":17}},"line":116},"3":{"name":"(anonymous_3)","decl":{"start":{"line":127,"column":33},"end":{"line":127,"column":34}},"loc":{"start":{"line":127,"column":39},"end":{"line":129,"column":17}},"line":127},"4":{"name":"(anonymous_4)","decl":{"start":{"line":132,"column":31},"end":{"line":132,"column":32}},"loc":{"start":{"line":132,"column":37},"end":{"line":134,"column":15}},"line":132},"5":{"name":"(anonymous_5)","decl":{"start":{"line":137,"column":37},"end":{"line":137,"column":38}},"loc":{"start":{"line":137,"column":43},"end":{"line":137,"column":46}},"line":137},"6":{"name":"(anonymous_6)","decl":{"start":{"line":145,"column":36},"end":{"line":145,"column":37}},"loc":{"start":{"line":145,"column":42},"end":{"line":145,"column":71}},"line":145}},"branchMap":{"0":{"loc":{"start":{"line":71,"column":8},"end":{"line":77,"column":9}},"type":"if","locations":[{"start":{"line":71,"column":8},"end":{"line":77,"column":9}},{"start":{"line":71,"column":8},"end":{"line":77,"column":9}}],"line":71},"1":{"loc":{"start":{"line":93,"column":18},"end":{"line":93,"column":63}},"type":"cond-expr","locations":[{"start":{"line":93,"column":42},"end":{"line":93,"column":51}},{"start":{"line":93,"column":54},"end":{"line":93,"column":63}}],"line":93}},"s":{"0":1,"1":1,"2":1,"3":1,"4":1,"5":1,"6":0,"7":0,"8":0,"9":0,"10":0,"11":0,"12":0,"13":0,"14":0,"15":0,"16":0,"17":1,"18":0,"19":0,"20":0,"21":0},"f":{"0":1,"1":0,"2":0,"3":0,"4":0,"5":0,"6":0},"b":{"0":[0,0],"1":[1,0]},"_coverageSchema":"1a1c01bbd47fc00a2c39e90264f33305004495a9","hash":"e685a370528ba1942574021d8315a4fd0dfb52d9"}
,"/home/ricardo/Documentos/Rocketseat/GoStack/nivel-5/mobile/newGoBarber/src/pages/SignUp/index.tsx": {"path":"/home/ricardo/Documentos/Rocketseat/GoStack/nivel-5/mobile/newGoBarber/src/pages/SignUp/index.tsx","statementMap":{"0":{"start":{"line":40,"column":25},"end":{"line":152,"column":1}},"1":{"start":{"line":41,"column":18},"end":{"line":41,"column":43}},"2":{"start":{"line":42,"column":24},"end":{"line":42,"column":47}},"3":{"start":{"line":43,"column":27},"end":{"line":43,"column":50}},"4":{"start":{"line":44,"column":21},"end":{"line":44,"column":36}},"5":{"start":{"line":46,"column":23},"end":{"line":83,"column":3}},"6":{"start":{"line":48,"column":6},"end":{"line":80,"column":7}},"7":{"start":{"line":49,"column":8},"end":{"line":49,"column":39}},"8":{"start":{"line":51,"column":23},"end":{"line":58,"column":10}},"9":{"start":{"line":60,"column":8},"end":{"line":62,"column":11}},"10":{"start":{"line":64,"column":8},"end":{"line":64,"column":39}},"11":{"start":{"line":66,"column":8},"end":{"line":66,"column":96}},"12":{"start":{"line":68,"column":8},"end":{"line":68,"column":28}},"13":{"start":{"line":71,"column":8},"end":{"line":77,"column":9}},"14":{"start":{"line":72,"column":25},"end":{"line":72,"column":49}},"15":{"start":{"line":74,"column":10},"end":{"line":74,"column":45}},"16":{"start":{"line":76,"column":10},"end":{"line":76,"column":17}},"17":{"start":{"line":79,"column":8},"end":{"line":79,"column":94}},"18":{"start":{"line":85,"column":2},"end":{"line":151,"column":3}},"19":{"start":{"line":110,"column":18},"end":{"line":110,"column":48}},"20":{"start":{"line":123,"column":18},"end":{"line":123,"column":51}},"21":{"start":{"line":135,"column":18},"end":{"line":135,"column":47}},"22":{"start":{"line":140,"column":16},"end":{"line":140,"column":45}},"23":{"start":{"line":146,"column":35},"end":{"line":146,"column":54}}},"fnMap":{"0":{"name":"(anonymous_0)","decl":{"start":{"line":40,"column":25},"end":{"line":40,"column":26}},"loc":{"start":{"line":40,"column":31},"end":{"line":152,"column":1}},"line":40},"1":{"name":"(anonymous_1)","decl":{"start":{"line":47,"column":4},"end":{"line":47,"column":5}},"loc":{"start":{"line":47,"column":36},"end":{"line":81,"column":5}},"line":47},"2":{"name":"(anonymous_2)","decl":{"start":{"line":109,"column":33},"end":{"line":109,"column":34}},"loc":{"start":{"line":109,"column":39},"end":{"line":111,"column":17}},"line":109},"3":{"name":"(anonymous_3)","decl":{"start":{"line":122,"column":33},"end":{"line":122,"column":34}},"loc":{"start":{"line":122,"column":39},"end":{"line":124,"column":17}},"line":122},"4":{"name":"(anonymous_4)","decl":{"start":{"line":134,"column":33},"end":{"line":134,"column":34}},"loc":{"start":{"line":134,"column":39},"end":{"line":136,"column":17}},"line":134},"5":{"name":"(anonymous_5)","decl":{"start":{"line":139,"column":31},"end":{"line":139,"column":32}},"loc":{"start":{"line":139,"column":37},"end":{"line":141,"column":15}},"line":139},"6":{"name":"(anonymous_6)","decl":{"start":{"line":146,"column":29},"end":{"line":146,"column":30}},"loc":{"start":{"line":146,"column":35},"end":{"line":146,"column":54}},"line":146}},"branchMap":{"0":{"loc":{"start":{"line":71,"column":8},"end":{"line":77,"column":9}},"type":"if","locations":[{"start":{"line":71,"column":8},"end":{"line":77,"column":9}},{"start":{"line":71,"column":8},"end":{"line":77,"column":9}}],"line":71},"1":{"loc":{"start":{"line":89,"column":18},"end":{"line":89,"column":63}},"type":"cond-expr","locations":[{"start":{"line":89,"column":42},"end":{"line":89,"column":51}},{"start":{"line":89,"column":54},"end":{"line":89,"column":63}}],"line":89}},"s":{"0":0,"1":0,"2":0,"3":0,"4":0,"5":0,"6":0,"7":0,"8":0,"9":0,"10":0,"11":0,"12":0,"13":0,"14":0,"15":0,"16":0,"17":0,"18":0,"19":0,"20":0,"21":0,"22":0,"23":0},"f":{"0":0,"1":0,"2":0,"3":0,"4":0,"5":0,"6":0},"b":{"0":[0,0],"1":[0,0]}}
}
